<?xml version="1.0" encoding="UTF-8"?>
<testsuite xmlns:xsi="http://www.w3.org/2001/XMLSchema-instance" xsi:noNamespaceSchemaLocation="https://maven.apache.org/surefire/maven-surefire-plugin/xsd/surefire-test-report.xsd" version="3.0.2" name="com.prueba.bankingbackendquind.infrastructure.adapter.in.web.controller.TransaccionControllerTest" time="0.903" tests="9" errors="0" skipped="0" failures="0">
  <properties>
[...]
</properties>
  <testcase name="realizarTransferenciaDeberiaRetornar201CuandoTransferenciaEsExitosa" classname="com.prueba.bankingbackendquind.infrastructure.adapter.in.web.controller.TransaccionControllerTest" time="0.064">
    <system-out><![CDATA[2026-01-11T22:53:23.602-05:00  INFO 17276 --- [banking-Backend-Quind] [           main] t.c.s.AnnotationConfigContextLoaderUtils : Could not detect default configuration classes for test class [com.prueba.bankingbackendquind.infrastructure.adapter.in.web.controller.TransaccionControllerTest]: TransaccionControllerTest does not declare any static, non-private, non-final, nested classes annotated with @Configuration.
2026-01-11T22:53:23.620-05:00  INFO 17276 --- [banking-Backend-Quind] [           main] .b.t.c.SpringBootTestContextBootstrapper : Found @SpringBootConfiguration com.prueba.bankingbackendquind.BankingBackendQuindApplication for test class com.prueba.bankingbackendquind.infrastructure.adapter.in.web.controller.TransaccionControllerTest

  .   ____          _            __ _ _
 /\\ / ___'_ __ _ _(_)_ __  __ _ \ \ \ \
( ( )\___ | '_ | '_| | '_ \/ _` | \ \ \ \
 \\/  ___)| |_)| | | | | || (_| |  ) ) ) )
  '  |____| .__|_| |_|_| |_\__, | / / / /
 =========|_|==============|___/=/_/_/_/

 :: Spring Boot ::                (v3.5.5)

2026-01-11T22:53:23.726-05:00  INFO 17276 --- [banking-Backend-Quind] [           main] .p.b.i.a.i.w.c.TransaccionControllerTest : Starting TransaccionControllerTest using Java 17.0.17 with PID 17276 (started by santi in C:\Users\santi\Desktop\Proyectos personales\banking-backend-quind)
2026-01-11T22:53:23.727-05:00 DEBUG 17276 --- [banking-Backend-Quind] [           main] .p.b.i.a.i.w.c.TransaccionControllerTest : Running with Spring Boot v3.5.5, Spring v6.2.10
2026-01-11T22:53:23.728-05:00  INFO 17276 --- [banking-Backend-Quind] [           main] .p.b.i.a.i.w.c.TransaccionControllerTest : No active profile set, falling back to 1 default profile: "default"
2026-01-11T22:53:23.744-05:00 DEBUG 17276 --- [banking-Backend-Quind] [           main] o.s.w.c.s.GenericWebApplicationContext   : Refreshing org.springframework.web.context.support.GenericWebApplicationContext@bdc2f96
2026-01-11T22:53:24.203-05:00 DEBUG 17276 --- [banking-Backend-Quind] [           main] s.w.s.m.m.a.RequestMappingHandlerMapping : 8 mappings in 'requestMappingHandlerMapping'
2026-01-11T22:53:24.242-05:00 DEBUG 17276 --- [banking-Backend-Quind] [           main] o.s.w.s.handler.SimpleUrlHandlerMapping  : Patterns [/webjars/**, /**] in 'resourceHandlerMapping'
2026-01-11T22:53:24.249-05:00 DEBUG 17276 --- [banking-Backend-Quind] [           main] s.w.s.m.m.a.RequestMappingHandlerAdapter : ControllerAdvice beans: 0 @ModelAttribute, 0 @InitBinder, 1 RequestBodyAdvice, 1 ResponseBodyAdvice
2026-01-11T22:53:24.255-05:00 DEBUG 17276 --- [banking-Backend-Quind] [           main] .m.m.a.ExceptionHandlerExceptionResolver : ControllerAdvice beans: 1 @ExceptionHandler, 1 ResponseBodyAdvice
2026-01-11T22:53:24.264-05:00  INFO 17276 --- [banking-Backend-Quind] [           main] o.s.b.t.m.w.SpringBootMockServletContext : Initializing Spring TestDispatcherServlet ''
2026-01-11T22:53:24.264-05:00  INFO 17276 --- [banking-Backend-Quind] [           main] o.s.t.web.servlet.TestDispatcherServlet  : Initializing Servlet ''
2026-01-11T22:53:24.265-05:00  INFO 17276 --- [banking-Backend-Quind] [           main] o.s.t.web.servlet.TestDispatcherServlet  : Completed initialization in 0 ms
2026-01-11T22:53:24.277-05:00  INFO 17276 --- [banking-Backend-Quind] [           main] .p.b.i.a.i.w.c.TransaccionControllerTest : Started TransaccionControllerTest in 0.653 seconds (process running for 17.433)
2026-01-11T22:53:24.294-05:00 DEBUG 17276 --- [banking-Backend-Quind] [           main] s.w.s.m.m.a.RequestMappingHandlerMapping : Mapped to com.prueba.bankingbackendquind.infrastructure.adapter.in.web.controller.TransaccionController#realizarTransferencia(TransaccionRequestDto)
2026-01-11T22:53:24.302-05:00 DEBUG 17276 --- [banking-Backend-Quind] [           main] m.m.a.RequestResponseBodyMethodProcessor : Read "application/json;charset=UTF-8" to [com.prueba.bankingbackendquind.infrastructure.adapter.in.web.dto.TransaccionRequestDto@4e5c1817]
2026-01-11T22:53:24.338-05:00 DEBUG 17276 --- [banking-Backend-Quind] [           main] o.s.w.s.m.m.a.HttpEntityMethodProcessor  : Using 'application/json', given [*/*] and supported [application/json, application/*+json, application/yaml]
2026-01-11T22:53:24.339-05:00 DEBUG 17276 --- [banking-Backend-Quind] [           main] o.s.w.s.m.m.a.HttpEntityMethodProcessor  : Writing [com.prueba.bankingbackendquind.infrastructure.adapter.in.web.dto.TransaccionResponseDto@ba1f5d1]
]]></system-out>
  </testcase>
  <testcase name="realizarRetiroDeberiaRetornar201CuandoRetiroEsExitoso" classname="com.prueba.bankingbackendquind.infrastructure.adapter.in.web.controller.TransaccionControllerTest" time="0.028">
    <system-out><![CDATA[2026-01-11T22:53:24.365-05:00 DEBUG 17276 --- [banking-Backend-Quind] [           main] s.w.s.m.m.a.RequestMappingHandlerMapping : Mapped to com.prueba.bankingbackendquind.infrastructure.adapter.in.web.controller.TransaccionController#realizarRetiro(TransaccionRequestDto)
2026-01-11T22:53:24.369-05:00 DEBUG 17276 --- [banking-Backend-Quind] [           main] m.m.a.RequestResponseBodyMethodProcessor : Read "application/json;charset=UTF-8" to [com.prueba.bankingbackendquind.infrastructure.adapter.in.web.dto.TransaccionRequestDto@57d8d5ed]
2026-01-11T22:53:24.372-05:00 DEBUG 17276 --- [banking-Backend-Quind] [           main] o.s.w.s.m.m.a.HttpEntityMethodProcessor  : Using 'application/json', given [*/*] and supported [application/json, application/*+json, application/yaml]
2026-01-11T22:53:24.373-05:00 DEBUG 17276 --- [banking-Backend-Quind] [           main] o.s.w.s.m.m.a.HttpEntityMethodProcessor  : Writing [com.prueba.bankingbackendquind.infrastructure.adapter.in.web.dto.TransaccionResponseDto@fec48ec]
]]></system-out>
  </testcase>
  <testcase name="realizarConsignacionDeberiaRetornar201CuandoConsignacionEsExitosa" classname="com.prueba.bankingbackendquind.infrastructure.adapter.in.web.controller.TransaccionControllerTest" time="0.015">
    <system-out><![CDATA[2026-01-11T22:53:24.392-05:00 DEBUG 17276 --- [banking-Backend-Quind] [           main] s.w.s.m.m.a.RequestMappingHandlerMapping : Mapped to com.prueba.bankingbackendquind.infrastructure.adapter.in.web.controller.TransaccionController#realizarConsignacion(TransaccionRequestDto)
2026-01-11T22:53:24.392-05:00 DEBUG 17276 --- [banking-Backend-Quind] [           main] m.m.a.RequestResponseBodyMethodProcessor : Read "application/json;charset=UTF-8" to [com.prueba.bankingbackendquind.infrastructure.adapter.in.web.dto.TransaccionRequestDto@223f8c82]
2026-01-11T22:53:24.395-05:00 DEBUG 17276 --- [banking-Backend-Quind] [           main] o.s.w.s.m.m.a.HttpEntityMethodProcessor  : Using 'application/json', given [*/*] and supported [application/json, application/*+json, application/yaml]
2026-01-11T22:53:24.395-05:00 DEBUG 17276 --- [banking-Backend-Quind] [           main] o.s.w.s.m.m.a.HttpEntityMethodProcessor  : Writing [com.prueba.bankingbackendquind.infrastructure.adapter.in.web.dto.TransaccionResponseDto@33d95295]
]]></system-out>
  </testcase>
  <testcase name="realizarTransferenciaDeberiaRetornar400CuandoCuentaDestinoEsNula" classname="com.prueba.bankingbackendquind.infrastructure.adapter.in.web.controller.TransaccionControllerTest" time="0.013">
    <system-out><![CDATA[2026-01-11T22:53:24.405-05:00 DEBUG 17276 --- [banking-Backend-Quind] [           main] s.w.s.m.m.a.RequestMappingHandlerMapping : Mapped to com.prueba.bankingbackendquind.infrastructure.adapter.in.web.controller.TransaccionController#realizarTransferencia(TransaccionRequestDto)
2026-01-11T22:53:24.405-05:00 DEBUG 17276 --- [banking-Backend-Quind] [           main] m.m.a.RequestResponseBodyMethodProcessor : Read "application/json;charset=UTF-8" to [com.prueba.bankingbackendquind.infrastructure.adapter.in.web.dto.TransaccionRequestDto@6c173587]
2026-01-11T22:53:24.405-05:00 DEBUG 17276 --- [banking-Backend-Quind] [           main] .m.m.a.ExceptionHandlerExceptionResolver : Using @ExceptionHandler com.prueba.bankingbackendquind.infrastructure.adapter.in.web.exception.GlobalExceptionHandler#handleIllegalArgumentException(IllegalArgumentException)
2026-01-11T22:53:24.410-05:00 DEBUG 17276 --- [banking-Backend-Quind] [           main] o.s.w.s.m.m.a.HttpEntityMethodProcessor  : Using 'application/json', given [*/*] and supported [application/json, application/*+json, application/yaml]
2026-01-11T22:53:24.410-05:00 DEBUG 17276 --- [banking-Backend-Quind] [           main] o.s.w.s.m.m.a.HttpEntityMethodProcessor  : Writing [com.prueba.bankingbackendquind.infrastructure.adapter.in.web.exception.GlobalExceptionHandler$ErrorR (truncated)...]
2026-01-11T22:53:24.410-05:00 DEBUG 17276 --- [banking-Backend-Quind] [           main] .m.m.a.ExceptionHandlerExceptionResolver : Resolved [java.lang.IllegalArgumentException: El número de cuenta destino es obligatorio para transferencias]
]]></system-out>
  </testcase>
  <testcase name="obtenerTransaccionPorId_DeberiaRetornar200_CuandoTransaccionExiste" classname="com.prueba.bankingbackendquind.infrastructure.adapter.in.web.controller.TransaccionControllerTest" time="0.008">
    <system-out><![CDATA[2026-01-11T22:53:24.417-05:00 DEBUG 17276 --- [banking-Backend-Quind] [           main] s.w.s.m.m.a.RequestMappingHandlerMapping : Mapped to com.prueba.bankingbackendquind.infrastructure.adapter.in.web.controller.TransaccionController#obtenerTransaccionPorId(Long)
2026-01-11T22:53:24.421-05:00 DEBUG 17276 --- [banking-Backend-Quind] [           main] o.s.w.s.m.m.a.HttpEntityMethodProcessor  : Using 'application/json', given [*/*] and supported [application/json, application/*+json, application/yaml]
2026-01-11T22:53:24.421-05:00 DEBUG 17276 --- [banking-Backend-Quind] [           main] o.s.w.s.m.m.a.HttpEntityMethodProcessor  : Writing [com.prueba.bankingbackendquind.infrastructure.adapter.in.web.dto.TransaccionResponseDto@548051d7]
]]></system-out>
  </testcase>
  <testcase name="realizarConsignacionDeberiaRetornar400CuandoMontoEsInvalido" classname="com.prueba.bankingbackendquind.infrastructure.adapter.in.web.controller.TransaccionControllerTest" time="0.019">
    <system-out><![CDATA[2026-01-11T22:53:24.431-05:00 DEBUG 17276 --- [banking-Backend-Quind] [           main] s.w.s.m.m.a.RequestMappingHandlerMapping : Mapped to com.prueba.bankingbackendquind.infrastructure.adapter.in.web.controller.TransaccionController#realizarConsignacion(TransaccionRequestDto)
2026-01-11T22:53:24.433-05:00 DEBUG 17276 --- [banking-Backend-Quind] [           main] m.m.a.RequestResponseBodyMethodProcessor : Read "application/json;charset=UTF-8" to [com.prueba.bankingbackendquind.infrastructure.adapter.in.web.dto.TransaccionRequestDto@51761e07]
2026-01-11T22:53:24.435-05:00 DEBUG 17276 --- [banking-Backend-Quind] [           main] .m.m.a.ExceptionHandlerExceptionResolver : Using @ExceptionHandler com.prueba.bankingbackendquind.infrastructure.adapter.in.web.exception.GlobalExceptionHandler#handleValidationExceptions(MethodArgumentNotValidException)
2026-01-11T22:53:24.440-05:00 DEBUG 17276 --- [banking-Backend-Quind] [           main] o.s.w.s.m.m.a.HttpEntityMethodProcessor  : Using 'application/json', given [*/*] and supported [application/json, application/*+json, application/yaml]
2026-01-11T22:53:24.440-05:00 DEBUG 17276 --- [banking-Backend-Quind] [           main] o.s.w.s.m.m.a.HttpEntityMethodProcessor  : Writing [com.prueba.bankingbackendquind.infrastructure.adapter.in.web.exception.GlobalExceptionHandler$Valida (truncated)...]
2026-01-11T22:53:24.440-05:00 DEBUG 17276 --- [banking-Backend-Quind] [           main] .m.m.a.ExceptionHandlerExceptionResolver : Resolved [org.springframework.web.bind.MethodArgumentNotValidException: Validation failed for argument [0] in public org.springframework.http.ResponseEntity<com.prueba.bankingbackendquind.infrastructure.adapter.in.web.dto.TransaccionResponseDto> com.prueba.bankingbackendquind.infrastructure.adapter.in.web.controller.TransaccionController.realizarConsignacion(com.prueba.bankingbackendquind.infrastructure.adapter.in.web.dto.TransaccionRequestDto): [Field error in object 'transaccionRequestDto' on field 'monto': rejected value [-100.00]; codes [DecimalMin.transaccionRequestDto.monto,DecimalMin.monto,DecimalMin.java.math.BigDecimal,DecimalMin]; arguments [org.springframework.context.support.DefaultMessageSourceResolvable: codes [transaccionRequestDto.monto,monto]; arguments []; default message [monto],true,0.01]; default message [El monto debe ser mayor a cero]] ]
]]></system-out>
  </testcase>
  <testcase name="obtenerTransaccionesPorCuentaDeberiaRetornar200ConListaDeTransacciones" classname="com.prueba.bankingbackendquind.infrastructure.adapter.in.web.controller.TransaccionControllerTest" time="0.022">
    <system-out><![CDATA[2026-01-11T22:53:24.452-05:00 DEBUG 17276 --- [banking-Backend-Quind] [           main] s.w.s.m.m.a.RequestMappingHandlerMapping : Mapped to com.prueba.bankingbackendquind.infrastructure.adapter.in.web.controller.TransaccionController#obtenerTransaccionesPorCuenta(String)
2026-01-11T22:53:24.458-05:00 DEBUG 17276 --- [banking-Backend-Quind] [           main] o.s.w.s.m.m.a.HttpEntityMethodProcessor  : Using 'application/json', given [*/*] and supported [application/json, application/*+json, application/yaml]
2026-01-11T22:53:24.460-05:00 DEBUG 17276 --- [banking-Backend-Quind] [           main] o.s.w.s.m.m.a.HttpEntityMethodProcessor  : Writing [[com.prueba.bankingbackendquind.infrastructure.adapter.in.web.dto.TransaccionResponseDto@6969e079]]
]]></system-out>
  </testcase>
  <testcase name="realizarRetiroDeberiaRetornar400CuandoSaldoEsInsuficiente" classname="com.prueba.bankingbackendquind.infrastructure.adapter.in.web.controller.TransaccionControllerTest" time="0.014">
    <system-out><![CDATA[2026-01-11T22:53:24.474-05:00 DEBUG 17276 --- [banking-Backend-Quind] [           main] s.w.s.m.m.a.RequestMappingHandlerMapping : Mapped to com.prueba.bankingbackendquind.infrastructure.adapter.in.web.controller.TransaccionController#realizarRetiro(TransaccionRequestDto)
2026-01-11T22:53:24.475-05:00 DEBUG 17276 --- [banking-Backend-Quind] [           main] m.m.a.RequestResponseBodyMethodProcessor : Read "application/json;charset=UTF-8" to [com.prueba.bankingbackendquind.infrastructure.adapter.in.web.dto.TransaccionRequestDto@4f63343b]
2026-01-11T22:53:24.479-05:00 DEBUG 17276 --- [banking-Backend-Quind] [           main] .m.m.a.ExceptionHandlerExceptionResolver : Using @ExceptionHandler com.prueba.bankingbackendquind.infrastructure.adapter.in.web.exception.GlobalExceptionHandler#handleTransaccionException(TransaccionException)
2026-01-11T22:53:24.479-05:00 DEBUG 17276 --- [banking-Backend-Quind] [           main] o.s.w.s.m.m.a.HttpEntityMethodProcessor  : Using 'application/json', given [*/*] and supported [application/json, application/*+json, application/yaml]
2026-01-11T22:53:24.479-05:00 DEBUG 17276 --- [banking-Backend-Quind] [           main] o.s.w.s.m.m.a.HttpEntityMethodProcessor  : Writing [com.prueba.bankingbackendquind.infrastructure.adapter.in.web.exception.GlobalExceptionHandler$ErrorR (truncated)...]
2026-01-11T22:53:24.482-05:00 DEBUG 17276 --- [banking-Backend-Quind] [           main] .m.m.a.ExceptionHandlerExceptionResolver : Resolved [com.prueba.bankingbackendquind.domain.exception.TransaccionException: Saldo insuficiente para realizar el retiro]
]]></system-out>
  </testcase>
  <testcase name="obtenerTodasLasTransaccionesDeberiaRetornar200ConListaCompleta" classname="com.prueba.bankingbackendquind.infrastructure.adapter.in.web.controller.TransaccionControllerTest" time="0.012">
    <system-out><![CDATA[2026-01-11T22:53:24.492-05:00 DEBUG 17276 --- [banking-Backend-Quind] [           main] s.w.s.m.m.a.RequestMappingHandlerMapping : Mapped to com.prueba.bankingbackendquind.infrastructure.adapter.in.web.controller.TransaccionController#obtenerTodasLasTransacciones()
2026-01-11T22:53:24.493-05:00 DEBUG 17276 --- [banking-Backend-Quind] [           main] o.s.w.s.m.m.a.HttpEntityMethodProcessor  : Using 'application/json', given [*/*] and supported [application/json, application/*+json, application/yaml]
2026-01-11T22:53:24.494-05:00 DEBUG 17276 --- [banking-Backend-Quind] [           main] o.s.w.s.m.m.a.HttpEntityMethodProcessor  : Writing [[com.prueba.bankingbackendquind.infrastructure.adapter.in.web.dto.TransaccionResponseDto@79cc08fb]]
]]></system-out>
  </testcase>
</testsuite>