<?xml version="1.0" encoding="UTF-8"?>
<testsuite xmlns:xsi="http://www.w3.org/2001/XMLSchema-instance" xsi:noNamespaceSchemaLocation="https://maven.apache.org/surefire/maven-surefire-plugin/xsd/surefire-test-report.xsd" version="3.0.2" name="com.prueba.bankingbackendquind.infrastructure.adapter.in.web.controller.ProductoControllerTest" time="0.894" tests="9" errors="0" skipped="0" failures="0">
  <properties>
[...]
</properties>
  <testcase name="obtenerProductoPorNumeroCuentaDeberiaRetornar200" classname="com.prueba.bankingbackendquind.infrastructure.adapter.in.web.controller.ProductoControllerTest" time="0.028">
    <system-out><![CDATA[2026-01-11T22:53:22.691-05:00  INFO 17276 --- [banking-Backend-Quind] [           main] t.c.s.AnnotationConfigContextLoaderUtils : Could not detect default configuration classes for test class [com.prueba.bankingbackendquind.infrastructure.adapter.in.web.controller.ProductoControllerTest]: ProductoControllerTest does not declare any static, non-private, non-final, nested classes annotated with @Configuration.
2026-01-11T22:53:22.740-05:00  INFO 17276 --- [banking-Backend-Quind] [           main] .b.t.c.SpringBootTestContextBootstrapper : Found @SpringBootConfiguration com.prueba.bankingbackendquind.BankingBackendQuindApplication for test class com.prueba.bankingbackendquind.infrastructure.adapter.in.web.controller.ProductoControllerTest

  .   ____          _            __ _ _
 /\\ / ___'_ __ _ _(_)_ __  __ _ \ \ \ \
( ( )\___ | '_ | '_| | '_ \/ _` | \ \ \ \
 \\/  ___)| |_)| | | | | || (_| |  ) ) ) )
  '  |____| .__|_| |_|_| |_\__, | / / / /
 =========|_|==============|___/=/_/_/_/

 :: Spring Boot ::                (v3.5.5)

2026-01-11T22:53:22.794-05:00  INFO 17276 --- [banking-Backend-Quind] [           main] c.p.b.i.a.i.w.c.ProductoControllerTest   : Starting ProductoControllerTest using Java 17.0.17 with PID 17276 (started by santi in C:\Users\santi\Desktop\Proyectos personales\banking-backend-quind)
2026-01-11T22:53:22.794-05:00 DEBUG 17276 --- [banking-Backend-Quind] [           main] c.p.b.i.a.i.w.c.ProductoControllerTest   : Running with Spring Boot v3.5.5, Spring v6.2.10
2026-01-11T22:53:22.794-05:00  INFO 17276 --- [banking-Backend-Quind] [           main] c.p.b.i.a.i.w.c.ProductoControllerTest   : No active profile set, falling back to 1 default profile: "default"
2026-01-11T22:53:22.796-05:00 DEBUG 17276 --- [banking-Backend-Quind] [           main] o.s.w.c.s.GenericWebApplicationContext   : Refreshing org.springframework.web.context.support.GenericWebApplicationContext@60b201c
2026-01-11T22:53:23.240-05:00 DEBUG 17276 --- [banking-Backend-Quind] [           main] s.w.s.m.m.a.RequestMappingHandlerMapping : 9 mappings in 'requestMappingHandlerMapping'
2026-01-11T22:53:23.299-05:00 DEBUG 17276 --- [banking-Backend-Quind] [           main] o.s.w.s.handler.SimpleUrlHandlerMapping  : Patterns [/webjars/**, /**] in 'resourceHandlerMapping'
2026-01-11T22:53:23.306-05:00 DEBUG 17276 --- [banking-Backend-Quind] [           main] s.w.s.m.m.a.RequestMappingHandlerAdapter : ControllerAdvice beans: 0 @ModelAttribute, 0 @InitBinder, 1 RequestBodyAdvice, 1 ResponseBodyAdvice
2026-01-11T22:53:23.328-05:00 DEBUG 17276 --- [banking-Backend-Quind] [           main] .m.m.a.ExceptionHandlerExceptionResolver : ControllerAdvice beans: 1 @ExceptionHandler, 1 ResponseBodyAdvice
2026-01-11T22:53:23.341-05:00  INFO 17276 --- [banking-Backend-Quind] [           main] o.s.b.t.m.w.SpringBootMockServletContext : Initializing Spring TestDispatcherServlet ''
2026-01-11T22:53:23.342-05:00  INFO 17276 --- [banking-Backend-Quind] [           main] o.s.t.web.servlet.TestDispatcherServlet  : Initializing Servlet ''
2026-01-11T22:53:23.342-05:00  INFO 17276 --- [banking-Backend-Quind] [           main] o.s.t.web.servlet.TestDispatcherServlet  : Completed initialization in 0 ms
2026-01-11T22:53:23.354-05:00  INFO 17276 --- [banking-Backend-Quind] [           main] c.p.b.i.a.i.w.c.ProductoControllerTest   : Started ProductoControllerTest in 0.608 seconds (process running for 16.51)
2026-01-11T22:53:23.357-05:00 DEBUG 17276 --- [banking-Backend-Quind] [           main] s.w.s.m.m.a.RequestMappingHandlerMapping : Mapped to com.prueba.bankingbackendquind.infrastructure.adapter.in.web.controller.ProductoController#obtenerProductoPorNumeroCuenta(String)
2026-01-11T22:53:23.374-05:00 DEBUG 17276 --- [banking-Backend-Quind] [           main] o.s.w.s.m.m.a.HttpEntityMethodProcessor  : Using 'application/json', given [*/*] and supported [application/json, application/*+json, application/yaml]
2026-01-11T22:53:23.375-05:00 DEBUG 17276 --- [banking-Backend-Quind] [           main] o.s.w.s.m.m.a.HttpEntityMethodProcessor  : Writing [com.prueba.bankingbackendquind.infrastructure.adapter.in.web.dto.ProductoResponseDto@799cb334]
]]></system-out>
  </testcase>
  <testcase name="obtenerProductosPorClienteDeberiaRetornar200ConLista" classname="com.prueba.bankingbackendquind.infrastructure.adapter.in.web.controller.ProductoControllerTest" time="0.014">
    <system-out><![CDATA[2026-01-11T22:53:23.389-05:00 DEBUG 17276 --- [banking-Backend-Quind] [           main] s.w.s.m.m.a.RequestMappingHandlerMapping : Mapped to com.prueba.bankingbackendquind.infrastructure.adapter.in.web.controller.ProductoController#obtenerProductosPorCliente(Long)
2026-01-11T22:53:23.396-05:00 DEBUG 17276 --- [banking-Backend-Quind] [           main] o.s.w.s.m.m.a.HttpEntityMethodProcessor  : Using 'application/json', given [*/*] and supported [application/json, application/*+json, application/yaml]
2026-01-11T22:53:23.396-05:00 DEBUG 17276 --- [banking-Backend-Quind] [           main] o.s.w.s.m.m.a.HttpEntityMethodProcessor  : Writing [[com.prueba.bankingbackendquind.infrastructure.adapter.in.web.dto.ProductoResponseDto@1a80a36a]]
]]></system-out>
  </testcase>
  <testcase name="obtenerProductoPorIdDeberiaRetornar200" classname="com.prueba.bankingbackendquind.infrastructure.adapter.in.web.controller.ProductoControllerTest" time="0.01">
    <system-out><![CDATA[2026-01-11T22:53:23.407-05:00 DEBUG 17276 --- [banking-Backend-Quind] [           main] s.w.s.m.m.a.RequestMappingHandlerMapping : Mapped to com.prueba.bankingbackendquind.infrastructure.adapter.in.web.controller.ProductoController#obtenerProductoPorId(Long)
2026-01-11T22:53:23.407-05:00 DEBUG 17276 --- [banking-Backend-Quind] [           main] o.s.w.s.m.m.a.HttpEntityMethodProcessor  : Using 'application/json', given [*/*] and supported [application/json, application/*+json, application/yaml]
2026-01-11T22:53:23.407-05:00 DEBUG 17276 --- [banking-Backend-Quind] [           main] o.s.w.s.m.m.a.HttpEntityMethodProcessor  : Writing [com.prueba.bankingbackendquind.infrastructure.adapter.in.web.dto.ProductoResponseDto@69137c1d]
]]></system-out>
  </testcase>
  <testcase name="eliminarProductoDeberiaRetornar204" classname="com.prueba.bankingbackendquind.infrastructure.adapter.in.web.controller.ProductoControllerTest" time="0.003">
    <system-out><![CDATA[2026-01-11T22:53:23.417-05:00 DEBUG 17276 --- [banking-Backend-Quind] [           main] s.w.s.m.m.a.RequestMappingHandlerMapping : Mapped to com.prueba.bankingbackendquind.infrastructure.adapter.in.web.controller.ProductoController#eliminarProducto(Long)
2026-01-11T22:53:23.417-05:00 DEBUG 17276 --- [banking-Backend-Quind] [           main] o.s.w.s.m.m.a.HttpEntityMethodProcessor  : Using 'application/json', given [*/*] and supported [application/json, application/*+json, application/yaml]
2026-01-11T22:53:23.417-05:00 DEBUG 17276 --- [banking-Backend-Quind] [           main] o.s.w.s.m.m.a.HttpEntityMethodProcessor  : Nothing to write: null body
]]></system-out>
  </testcase>
  <testcase name="cambiarEstadoProductoDeberiaRetornar200" classname="com.prueba.bankingbackendquind.infrastructure.adapter.in.web.controller.ProductoControllerTest" time="0.017">
    <system-out><![CDATA[2026-01-11T22:53:23.427-05:00 DEBUG 17276 --- [banking-Backend-Quind] [           main] s.w.s.m.m.a.RequestMappingHandlerMapping : Mapped to com.prueba.bankingbackendquind.infrastructure.adapter.in.web.controller.ProductoController#cambiarEstadoProducto(Long, EstadoCuentaRequestDto)
2026-01-11T22:53:23.435-05:00 DEBUG 17276 --- [banking-Backend-Quind] [           main] m.m.a.RequestResponseBodyMethodProcessor : Read "application/json;charset=UTF-8" to [com.prueba.bankingbackendquind.infrastructure.adapter.in.web.dto.EstadoCuentaRequestDto@6fbe879b]
2026-01-11T22:53:23.438-05:00 DEBUG 17276 --- [banking-Backend-Quind] [           main] o.s.w.s.m.m.a.HttpEntityMethodProcessor  : Using 'application/json', given [*/*] and supported [application/json, application/*+json, application/yaml]
2026-01-11T22:53:23.438-05:00 DEBUG 17276 --- [banking-Backend-Quind] [           main] o.s.w.s.m.m.a.HttpEntityMethodProcessor  : Writing [com.prueba.bankingbackendquind.infrastructure.adapter.in.web.dto.ProductoResponseDto@739174f1]
]]></system-out>
  </testcase>
  <testcase name="crearProductoDeberiaRetornar400SiFaltanCamposObligatorios" classname="com.prueba.bankingbackendquind.infrastructure.adapter.in.web.controller.ProductoControllerTest" time="0.032">
    <system-out><![CDATA[2026-01-11T22:53:23.448-05:00 DEBUG 17276 --- [banking-Backend-Quind] [           main] s.w.s.m.m.a.RequestMappingHandlerMapping : Mapped to com.prueba.bankingbackendquind.infrastructure.adapter.in.web.controller.ProductoController#crearProducto(ProductoRequestDto)
2026-01-11T22:53:23.456-05:00 DEBUG 17276 --- [banking-Backend-Quind] [           main] m.m.a.RequestResponseBodyMethodProcessor : Read "application/json;charset=UTF-8" to [com.prueba.bankingbackendquind.infrastructure.adapter.in.web.dto.ProductoRequestDto@7cb2f534]
2026-01-11T22:53:23.464-05:00 DEBUG 17276 --- [banking-Backend-Quind] [           main] .m.m.a.ExceptionHandlerExceptionResolver : Using @ExceptionHandler com.prueba.bankingbackendquind.infrastructure.adapter.in.web.exception.GlobalExceptionHandler#handleValidationExceptions(MethodArgumentNotValidException)
2026-01-11T22:53:23.471-05:00 DEBUG 17276 --- [banking-Backend-Quind] [           main] o.s.w.s.m.m.a.HttpEntityMethodProcessor  : Using 'application/json', given [*/*] and supported [application/json, application/*+json, application/yaml]
2026-01-11T22:53:23.471-05:00 DEBUG 17276 --- [banking-Backend-Quind] [           main] o.s.w.s.m.m.a.HttpEntityMethodProcessor  : Writing [com.prueba.bankingbackendquind.infrastructure.adapter.in.web.exception.GlobalExceptionHandler$Valida (truncated)...]
2026-01-11T22:53:23.477-05:00 DEBUG 17276 --- [banking-Backend-Quind] [           main] .m.m.a.ExceptionHandlerExceptionResolver : Resolved [org.springframework.web.bind.MethodArgumentNotValidException: Validation failed for argument [0] in public org.springframework.http.ResponseEntity<com.prueba.bankingbackendquind.infrastructure.adapter.in.web.dto.ProductoResponseDto> com.prueba.bankingbackendquind.infrastructure.adapter.in.web.controller.ProductoController.crearProducto(com.prueba.bankingbackendquind.infrastructure.adapter.in.web.dto.ProductoRequestDto) with 2 errors: [Field error in object 'productoRequestDto' on field 'clienteId': rejected value [null]; codes [NotNull.productoRequestDto.clienteId,NotNull.clienteId,NotNull.java.lang.Long,NotNull]; arguments [org.springframework.context.support.DefaultMessageSourceResolvable: codes [productoRequestDto.clienteId,clienteId]; arguments []; default message [clienteId]]; default message [El ID del cliente es obligatorio]] [Field error in object 'productoRequestDto' on field 'tipoCuenta': rejected value [null]; codes [NotNull.productoRequestDto.tipoCuenta,NotNull.tipoCuenta,NotNull.com.prueba.bankingbackendquind.domain.model.enums.TipoCuenta,NotNull]; arguments [org.springframework.context.support.DefaultMessageSourceResolvable: codes [productoRequestDto.tipoCuenta,tipoCuenta]; arguments []; default message [tipoCuenta]]; default message [El tipo de cuenta es obligatorio]] ]
]]></system-out>
  </testcase>
  <testcase name="obtenerTodosLosProductosDeberiaRetornar200ConLista" classname="com.prueba.bankingbackendquind.infrastructure.adapter.in.web.controller.ProductoControllerTest" time="0.021">
    <system-out><![CDATA[2026-01-11T22:53:23.490-05:00 DEBUG 17276 --- [banking-Backend-Quind] [           main] s.w.s.m.m.a.RequestMappingHandlerMapping : Mapped to com.prueba.bankingbackendquind.infrastructure.adapter.in.web.controller.ProductoController#obtenerTodosLosProductos()
2026-01-11T22:53:23.495-05:00 DEBUG 17276 --- [banking-Backend-Quind] [           main] o.s.w.s.m.m.a.HttpEntityMethodProcessor  : Using 'application/json', given [*/*] and supported [application/json, application/*+json, application/yaml]
2026-01-11T22:53:23.497-05:00 DEBUG 17276 --- [banking-Backend-Quind] [           main] o.s.w.s.m.m.a.HttpEntityMethodProcessor  : Writing [[com.prueba.bankingbackendquind.infrastructure.adapter.in.web.dto.ProductoResponseDto@eef9471]]
]]></system-out>
  </testcase>
  <testcase name="cambiarEstadoProductoDeberiaRetornar400SiEstadoNull" classname="com.prueba.bankingbackendquind.infrastructure.adapter.in.web.controller.ProductoControllerTest" time="0.04">
    <system-out><![CDATA[2026-01-11T22:53:23.523-05:00 DEBUG 17276 --- [banking-Backend-Quind] [           main] s.w.s.m.m.a.RequestMappingHandlerMapping : Mapped to com.prueba.bankingbackendquind.infrastructure.adapter.in.web.controller.ProductoController#cambiarEstadoProducto(Long, EstadoCuentaRequestDto)
2026-01-11T22:53:23.525-05:00 DEBUG 17276 --- [banking-Backend-Quind] [           main] m.m.a.RequestResponseBodyMethodProcessor : Read "application/json;charset=UTF-8" to [com.prueba.bankingbackendquind.infrastructure.adapter.in.web.dto.EstadoCuentaRequestDto@17699e35]
2026-01-11T22:53:23.532-05:00 DEBUG 17276 --- [banking-Backend-Quind] [           main] .m.m.a.ExceptionHandlerExceptionResolver : Using @ExceptionHandler com.prueba.bankingbackendquind.infrastructure.adapter.in.web.exception.GlobalExceptionHandler#handleValidationExceptions(MethodArgumentNotValidException)
2026-01-11T22:53:23.535-05:00 DEBUG 17276 --- [banking-Backend-Quind] [           main] o.s.w.s.m.m.a.HttpEntityMethodProcessor  : Using 'application/json', given [*/*] and supported [application/json, application/*+json, application/yaml]
2026-01-11T22:53:23.538-05:00 DEBUG 17276 --- [banking-Backend-Quind] [           main] o.s.w.s.m.m.a.HttpEntityMethodProcessor  : Writing [com.prueba.bankingbackendquind.infrastructure.adapter.in.web.exception.GlobalExceptionHandler$Valida (truncated)...]
2026-01-11T22:53:23.540-05:00 DEBUG 17276 --- [banking-Backend-Quind] [           main] .m.m.a.ExceptionHandlerExceptionResolver : Resolved [org.springframework.web.bind.MethodArgumentNotValidException: Validation failed for argument [1] in public org.springframework.http.ResponseEntity<com.prueba.bankingbackendquind.infrastructure.adapter.in.web.dto.ProductoResponseDto> com.prueba.bankingbackendquind.infrastructure.adapter.in.web.controller.ProductoController.cambiarEstadoProducto(java.lang.Long,com.prueba.bankingbackendquind.infrastructure.adapter.in.web.dto.EstadoCuentaRequestDto): [Field error in object 'estadoCuentaRequestDto' on field 'estado': rejected value [null]; codes [NotNull.estadoCuentaRequestDto.estado,NotNull.estado,NotNull.com.prueba.bankingbackendquind.domain.model.enums.EstadoCuenta,NotNull]; arguments [org.springframework.context.support.DefaultMessageSourceResolvable: codes [estadoCuentaRequestDto.estado,estado]; arguments []; default message [estado]]; default message [El estado de cuenta es obligatorio]] ]
]]></system-out>
  </testcase>
  <testcase name="crearProductoDeberiaRetornar201" classname="com.prueba.bankingbackendquind.infrastructure.adapter.in.web.controller.ProductoControllerTest" time="0.028">
    <system-out><![CDATA[2026-01-11T22:53:23.559-05:00 DEBUG 17276 --- [banking-Backend-Quind] [           main] s.w.s.m.m.a.RequestMappingHandlerMapping : Mapped to com.prueba.bankingbackendquind.infrastructure.adapter.in.web.controller.ProductoController#crearProducto(ProductoRequestDto)
2026-01-11T22:53:23.567-05:00 DEBUG 17276 --- [banking-Backend-Quind] [           main] m.m.a.RequestResponseBodyMethodProcessor : Read "application/json;charset=UTF-8" to [com.prueba.bankingbackendquind.infrastructure.adapter.in.web.dto.ProductoRequestDto@4d979f76]
2026-01-11T22:53:23.571-05:00 DEBUG 17276 --- [banking-Backend-Quind] [           main] o.s.w.s.m.m.a.HttpEntityMethodProcessor  : Using 'application/json', given [*/*] and supported [application/json, application/*+json, application/yaml]
2026-01-11T22:53:23.571-05:00 DEBUG 17276 --- [banking-Backend-Quind] [           main] o.s.w.s.m.m.a.HttpEntityMethodProcessor  : Writing [com.prueba.bankingbackendquind.infrastructure.adapter.in.web.dto.ProductoResponseDto@559048b3]
]]></system-out>
  </testcase>
</testsuite>