<?xml version="1.0" encoding="UTF-8"?>
<testsuite xmlns:xsi="http://www.w3.org/2001/XMLSchema-instance" xsi:noNamespaceSchemaLocation="https://maven.apache.org/surefire/maven-surefire-plugin/xsd/surefire-test-report.xsd" version="3.0.2" name="com.prueba.bankingbackendquind.infrastructure.adapter.in.web.controller.ClienteControllerTest" time="11.157" tests="10" errors="0" skipped="0" failures="0">
  <properties>
[...]
</properties>
  <testcase name="obtenerClientePorIdDeberiaRetornar200CuandoClienteExiste" classname="com.prueba.bankingbackendquind.infrastructure.adapter.in.web.controller.ClienteControllerTest" time="0.493">
    <system-out><![CDATA[22:53:12.042 [main] INFO org.springframework.test.context.support.AnnotationConfigContextLoaderUtils -- Could not detect default configuration classes for test class [com.prueba.bankingbackendquind.infrastructure.adapter.in.web.controller.ClienteControllerTest]: ClienteControllerTest does not declare any static, non-private, non-final, nested classes annotated with @Configuration.
22:53:12.739 [main] INFO org.springframework.boot.test.context.SpringBootTestContextBootstrapper -- Found @SpringBootConfiguration com.prueba.bankingbackendquind.BankingBackendQuindApplication for test class com.prueba.bankingbackendquind.infrastructure.adapter.in.web.controller.ClienteControllerTest

  .   ____          _            __ _ _
 /\\ / ___'_ __ _ _(_)_ __  __ _ \ \ \ \
( ( )\___ | '_ | '_| | '_ \/ _` | \ \ \ \
 \\/  ___)| |_)| | | | | || (_| |  ) ) ) )
  '  |____| .__|_| |_|_| |_\__, | / / / /
 =========|_|==============|___/=/_/_/_/

 :: Spring Boot ::                (v3.5.5)

2026-01-11T22:53:15.491-05:00  INFO 17276 --- [banking-Backend-Quind] [           main] c.p.b.i.a.i.w.c.ClienteControllerTest    : Starting ClienteControllerTest using Java 17.0.17 with PID 17276 (started by santi in C:\Users\santi\Desktop\Proyectos personales\banking-backend-quind)
2026-01-11T22:53:15.494-05:00 DEBUG 17276 --- [banking-Backend-Quind] [           main] c.p.b.i.a.i.w.c.ClienteControllerTest    : Running with Spring Boot v3.5.5, Spring v6.2.10
2026-01-11T22:53:15.495-05:00  INFO 17276 --- [banking-Backend-Quind] [           main] c.p.b.i.a.i.w.c.ClienteControllerTest    : No active profile set, falling back to 1 default profile: "default"
2026-01-11T22:53:15.572-05:00 DEBUG 17276 --- [banking-Backend-Quind] [           main] o.s.w.c.s.GenericWebApplicationContext   : Refreshing org.springframework.web.context.support.GenericWebApplicationContext@345d641e
2026-01-11T22:53:20.218-05:00 DEBUG 17276 --- [banking-Backend-Quind] [           main] s.w.s.m.m.a.RequestMappingHandlerMapping : 8 mappings in 'requestMappingHandlerMapping'
2026-01-11T22:53:20.564-05:00 DEBUG 17276 --- [banking-Backend-Quind] [           main] o.s.w.s.handler.SimpleUrlHandlerMapping  : Patterns [/webjars/**, /**] in 'resourceHandlerMapping'
2026-01-11T22:53:20.658-05:00 DEBUG 17276 --- [banking-Backend-Quind] [           main] s.w.s.m.m.a.RequestMappingHandlerAdapter : ControllerAdvice beans: 0 @ModelAttribute, 0 @InitBinder, 1 RequestBodyAdvice, 1 ResponseBodyAdvice
2026-01-11T22:53:20.881-05:00 DEBUG 17276 --- [banking-Backend-Quind] [           main] .m.m.a.ExceptionHandlerExceptionResolver : ControllerAdvice beans: 1 @ExceptionHandler, 1 ResponseBodyAdvice
2026-01-11T22:53:20.959-05:00  INFO 17276 --- [banking-Backend-Quind] [           main] o.s.b.t.m.w.SpringBootMockServletContext : Initializing Spring TestDispatcherServlet ''
2026-01-11T22:53:20.964-05:00  INFO 17276 --- [banking-Backend-Quind] [           main] o.s.t.web.servlet.TestDispatcherServlet  : Initializing Servlet ''
2026-01-11T22:53:20.964-05:00  INFO 17276 --- [banking-Backend-Quind] [           main] o.s.t.web.servlet.TestDispatcherServlet  : Completed initialization in 0 ms
2026-01-11T22:53:21.024-05:00  INFO 17276 --- [banking-Backend-Quind] [           main] c.p.b.i.a.i.w.c.ClienteControllerTest    : Started ClienteControllerTest in 8.067 seconds (process running for 14.18)
2026-01-11T22:53:21.225-05:00 DEBUG 17276 --- [banking-Backend-Quind] [           main] s.w.s.m.m.a.RequestMappingHandlerMapping : Mapped to com.prueba.bankingbackendquind.infrastructure.adapter.in.web.controller.ClienteController#obtenerClientePorId(Long)
2026-01-11T22:53:21.399-05:00 DEBUG 17276 --- [banking-Backend-Quind] [           main] o.s.w.s.m.m.a.HttpEntityMethodProcessor  : Using 'application/json', given [*/*] and supported [application/json, application/*+json, application/yaml]
2026-01-11T22:53:21.406-05:00 DEBUG 17276 --- [banking-Backend-Quind] [           main] o.s.w.s.m.m.a.HttpEntityMethodProcessor  : Writing [com.prueba.bankingbackendquind.infrastructure.adapter.in.web.dto.ClienteResponseDto@4295b0b8]
]]></system-out>
  </testcase>
  <testcase name="obtenerClientePorIdDeberiaRetornar404CuandoClienteNoExiste" classname="com.prueba.bankingbackendquind.infrastructure.adapter.in.web.controller.ClienteControllerTest" time="0.039">
    <system-out><![CDATA[2026-01-11T22:53:21.550-05:00 DEBUG 17276 --- [banking-Backend-Quind] [           main] s.w.s.m.m.a.RequestMappingHandlerMapping : Mapped to com.prueba.bankingbackendquind.infrastructure.adapter.in.web.controller.ClienteController#obtenerClientePorId(Long)
2026-01-11T22:53:21.556-05:00 DEBUG 17276 --- [banking-Backend-Quind] [           main] .m.m.a.ExceptionHandlerExceptionResolver : Using @ExceptionHandler com.prueba.bankingbackendquind.infrastructure.adapter.in.web.exception.GlobalExceptionHandler#handleClienteNotFoundException(ClienteNotFoundException)
2026-01-11T22:53:21.569-05:00 DEBUG 17276 --- [banking-Backend-Quind] [           main] o.s.w.s.m.m.a.HttpEntityMethodProcessor  : Using 'application/json', given [*/*] and supported [application/json, application/*+json, application/yaml]
2026-01-11T22:53:21.570-05:00 DEBUG 17276 --- [banking-Backend-Quind] [           main] o.s.w.s.m.m.a.HttpEntityMethodProcessor  : Writing [com.prueba.bankingbackendquind.infrastructure.adapter.in.web.exception.GlobalExceptionHandler$ErrorR (truncated)...]
2026-01-11T22:53:21.573-05:00 DEBUG 17276 --- [banking-Backend-Quind] [           main] .m.m.a.ExceptionHandlerExceptionResolver : Resolved [com.prueba.bankingbackendquind.domain.exception.ClienteNotFoundException: Cliente no encontrado con ID: 1]
]]></system-out>
  </testcase>
  <testcase name="actualizarClienteDeberiaRetornar200CuandoActualizacionEsExitosa" classname="com.prueba.bankingbackendquind.infrastructure.adapter.in.web.controller.ClienteControllerTest" time="0.851">
    <system-out><![CDATA[2026-01-11T22:53:21.632-05:00 DEBUG 17276 --- [banking-Backend-Quind] [           main] s.w.s.m.m.a.RequestMappingHandlerMapping : Mapped to com.prueba.bankingbackendquind.infrastructure.adapter.in.web.controller.ClienteController#actualizarCliente(Long, ClienteRequestDto)
2026-01-11T22:53:21.918-05:00 DEBUG 17276 --- [banking-Backend-Quind] [           main] m.m.a.RequestResponseBodyMethodProcessor : Read "application/json;charset=UTF-8" to [com.prueba.bankingbackendquind.infrastructure.adapter.in.web.dto.ClienteRequestDto@7bbab132]
2026-01-11T22:53:22.409-05:00 DEBUG 17276 --- [banking-Backend-Quind] [           main] o.s.w.s.m.m.a.HttpEntityMethodProcessor  : Using 'application/json', given [*/*] and supported [application/json, application/*+json, application/yaml]
2026-01-11T22:53:22.411-05:00 DEBUG 17276 --- [banking-Backend-Quind] [           main] o.s.w.s.m.m.a.HttpEntityMethodProcessor  : Writing [com.prueba.bankingbackendquind.infrastructure.adapter.in.web.dto.ClienteResponseDto@55f0ba66]
]]></system-out>
  </testcase>
  <testcase name="obtenerTodosLosClientesDeberiaRetornar200ConListaDeClientes" classname="com.prueba.bankingbackendquind.infrastructure.adapter.in.web.controller.ClienteControllerTest" time="0.085">
    <system-out><![CDATA[2026-01-11T22:53:22.456-05:00 DEBUG 17276 --- [banking-Backend-Quind] [           main] s.w.s.m.m.a.RequestMappingHandlerMapping : Mapped to com.prueba.bankingbackendquind.infrastructure.adapter.in.web.controller.ClienteController#obtenerTodosLosClientes()
2026-01-11T22:53:22.485-05:00 DEBUG 17276 --- [banking-Backend-Quind] [           main] o.s.w.s.m.m.a.HttpEntityMethodProcessor  : Using 'application/json', given [*/*] and supported [application/json, application/*+json, application/yaml]
2026-01-11T22:53:22.487-05:00 DEBUG 17276 --- [banking-Backend-Quind] [           main] o.s.w.s.m.m.a.HttpEntityMethodProcessor  : Writing [[com.prueba.bankingbackendquind.infrastructure.adapter.in.web.dto.ClienteResponseDto@5a42bb6]]
]]></system-out>
  </testcase>
  <testcase name="eliminarClienteDeberiaRetornar400CuandoClienteTieneProductos" classname="com.prueba.bankingbackendquind.infrastructure.adapter.in.web.controller.ClienteControllerTest" time="0.012">
    <system-out><![CDATA[2026-01-11T22:53:22.526-05:00 DEBUG 17276 --- [banking-Backend-Quind] [           main] s.w.s.m.m.a.RequestMappingHandlerMapping : Mapped to com.prueba.bankingbackendquind.infrastructure.adapter.in.web.controller.ClienteController#eliminarCliente(Long)
2026-01-11T22:53:22.528-05:00 DEBUG 17276 --- [banking-Backend-Quind] [           main] .m.m.a.ExceptionHandlerExceptionResolver : Using @ExceptionHandler com.prueba.bankingbackendquind.infrastructure.adapter.in.web.exception.GlobalExceptionHandler#handleBusinessException(BusinessException)
2026-01-11T22:53:22.529-05:00 DEBUG 17276 --- [banking-Backend-Quind] [           main] o.s.w.s.m.m.a.HttpEntityMethodProcessor  : Using 'application/json', given [*/*] and supported [application/json, application/*+json, application/yaml]
2026-01-11T22:53:22.529-05:00 DEBUG 17276 --- [banking-Backend-Quind] [           main] o.s.w.s.m.m.a.HttpEntityMethodProcessor  : Writing [com.prueba.bankingbackendquind.infrastructure.adapter.in.web.exception.GlobalExceptionHandler$ErrorR (truncated)...]
2026-01-11T22:53:22.530-05:00 DEBUG 17276 --- [banking-Backend-Quind] [           main] .m.m.a.ExceptionHandlerExceptionResolver : Resolved [com.prueba.bankingbackendquind.domain.exception.BusinessException: No se puede eliminar el cliente porque tiene productos vinculados]
]]></system-out>
  </testcase>
  <testcase name="obtenerClientePorNumeroIdentificacionDeberiaRetornar200CuandoClienteExiste" classname="com.prueba.bankingbackendquind.infrastructure.adapter.in.web.controller.ClienteControllerTest" time="0.026">
    <system-out><![CDATA[2026-01-11T22:53:22.541-05:00 DEBUG 17276 --- [banking-Backend-Quind] [           main] s.w.s.m.m.a.RequestMappingHandlerMapping : Mapped to com.prueba.bankingbackendquind.infrastructure.adapter.in.web.controller.ClienteController#obtenerClientePorNumeroIdentificacion(String)
2026-01-11T22:53:22.559-05:00 DEBUG 17276 --- [banking-Backend-Quind] [           main] o.s.w.s.m.m.a.HttpEntityMethodProcessor  : Using 'application/json', given [*/*] and supported [application/json, application/*+json, application/yaml]
2026-01-11T22:53:22.559-05:00 DEBUG 17276 --- [banking-Backend-Quind] [           main] o.s.w.s.m.m.a.HttpEntityMethodProcessor  : Writing [com.prueba.bankingbackendquind.infrastructure.adapter.in.web.dto.ClienteResponseDto@3e15330c]
]]></system-out>
  </testcase>
  <testcase name="crearClienteDeberiaRetornar400CuandoNombreEsInvalido" classname="com.prueba.bankingbackendquind.infrastructure.adapter.in.web.controller.ClienteControllerTest" time="0.038">
    <system-out><![CDATA[2026-01-11T22:53:22.571-05:00 DEBUG 17276 --- [banking-Backend-Quind] [           main] s.w.s.m.m.a.RequestMappingHandlerMapping : Mapped to com.prueba.bankingbackendquind.infrastructure.adapter.in.web.controller.ClienteController#crearCliente(ClienteRequestDto)
2026-01-11T22:53:22.573-05:00 DEBUG 17276 --- [banking-Backend-Quind] [           main] m.m.a.RequestResponseBodyMethodProcessor : Read "application/json;charset=UTF-8" to [com.prueba.bankingbackendquind.infrastructure.adapter.in.web.dto.ClienteRequestDto@7356f0e0]
2026-01-11T22:53:22.587-05:00 DEBUG 17276 --- [banking-Backend-Quind] [           main] .m.m.a.ExceptionHandlerExceptionResolver : Using @ExceptionHandler com.prueba.bankingbackendquind.infrastructure.adapter.in.web.exception.GlobalExceptionHandler#handleValidationExceptions(MethodArgumentNotValidException)
2026-01-11T22:53:22.596-05:00 DEBUG 17276 --- [banking-Backend-Quind] [           main] o.s.w.s.m.m.a.HttpEntityMethodProcessor  : Using 'application/json', given [*/*] and supported [application/json, application/*+json, application/yaml]
2026-01-11T22:53:22.596-05:00 DEBUG 17276 --- [banking-Backend-Quind] [           main] o.s.w.s.m.m.a.HttpEntityMethodProcessor  : Writing [com.prueba.bankingbackendquind.infrastructure.adapter.in.web.exception.GlobalExceptionHandler$Valida (truncated)...]
2026-01-11T22:53:22.605-05:00 DEBUG 17276 --- [banking-Backend-Quind] [           main] .m.m.a.ExceptionHandlerExceptionResolver : Resolved [org.springframework.web.bind.MethodArgumentNotValidException: Validation failed for argument [0] in public org.springframework.http.ResponseEntity<com.prueba.bankingbackendquind.infrastructure.adapter.in.web.dto.ClienteResponseDto> com.prueba.bankingbackendquind.infrastructure.adapter.in.web.controller.ClienteController.crearCliente(com.prueba.bankingbackendquind.infrastructure.adapter.in.web.dto.ClienteRequestDto): [Field error in object 'clienteRequestDto' on field 'nombres': rejected value [A]; codes [Size.clienteRequestDto.nombres,Size.nombres,Size.java.lang.String,Size]; arguments [org.springframework.context.support.DefaultMessageSourceResolvable: codes [clienteRequestDto.nombres,nombres]; arguments []; default message [nombres],2147483647,2]; default message [Los nombres deben tener al menos 2 caracteres]] ]
]]></system-out>
  </testcase>
  <testcase name="eliminarClienteDeberiaRetornar204CuandoEliminacionEsExitosa" classname="com.prueba.bankingbackendquind.infrastructure.adapter.in.web.controller.ClienteControllerTest" time="0.011">
    <system-out><![CDATA[2026-01-11T22:53:22.614-05:00 DEBUG 17276 --- [banking-Backend-Quind] [           main] s.w.s.m.m.a.RequestMappingHandlerMapping : Mapped to com.prueba.bankingbackendquind.infrastructure.adapter.in.web.controller.ClienteController#eliminarCliente(Long)
2026-01-11T22:53:22.616-05:00 DEBUG 17276 --- [banking-Backend-Quind] [           main] o.s.w.s.m.m.a.HttpEntityMethodProcessor  : Using 'application/json', given [*/*] and supported [application/json, application/*+json, application/yaml]
2026-01-11T22:53:22.616-05:00 DEBUG 17276 --- [banking-Backend-Quind] [           main] o.s.w.s.m.m.a.HttpEntityMethodProcessor  : Nothing to write: null body
]]></system-out>
  </testcase>
  <testcase name="crearClienteDeberiaRetornar201CuandoClienteEsValido" classname="com.prueba.bankingbackendquind.infrastructure.adapter.in.web.controller.ClienteControllerTest" time="0.018">
    <system-out><![CDATA[2026-01-11T22:53:22.626-05:00 DEBUG 17276 --- [banking-Backend-Quind] [           main] s.w.s.m.m.a.RequestMappingHandlerMapping : Mapped to com.prueba.bankingbackendquind.infrastructure.adapter.in.web.controller.ClienteController#crearCliente(ClienteRequestDto)
2026-01-11T22:53:22.626-05:00 DEBUG 17276 --- [banking-Backend-Quind] [           main] m.m.a.RequestResponseBodyMethodProcessor : Read "application/json;charset=UTF-8" to [com.prueba.bankingbackendquind.infrastructure.adapter.in.web.dto.ClienteRequestDto@46b3c1c2]
2026-01-11T22:53:22.627-05:00 DEBUG 17276 --- [banking-Backend-Quind] [           main] o.s.w.s.m.m.a.HttpEntityMethodProcessor  : Using 'application/json', given [*/*] and supported [application/json, application/*+json, application/yaml]
2026-01-11T22:53:22.627-05:00 DEBUG 17276 --- [banking-Backend-Quind] [           main] o.s.w.s.m.m.a.HttpEntityMethodProcessor  : Writing [com.prueba.bankingbackendquind.infrastructure.adapter.in.web.dto.ClienteResponseDto@53ef0db3]
]]></system-out>
  </testcase>
  <testcase name="crearCliente_DeberiaRetornar400_CuandoEmailEsInvalido" classname="com.prueba.bankingbackendquind.infrastructure.adapter.in.web.controller.ClienteControllerTest" time="0.035">
    <system-out><![CDATA[2026-01-11T22:53:22.640-05:00 DEBUG 17276 --- [banking-Backend-Quind] [           main] s.w.s.m.m.a.RequestMappingHandlerMapping : Mapped to com.prueba.bankingbackendquind.infrastructure.adapter.in.web.controller.ClienteController#crearCliente(ClienteRequestDto)
2026-01-11T22:53:22.644-05:00 DEBUG 17276 --- [banking-Backend-Quind] [           main] m.m.a.RequestResponseBodyMethodProcessor : Read "application/json;charset=UTF-8" to [com.prueba.bankingbackendquind.infrastructure.adapter.in.web.dto.ClienteRequestDto@57d5dd0]
2026-01-11T22:53:22.657-05:00 DEBUG 17276 --- [banking-Backend-Quind] [           main] .m.m.a.ExceptionHandlerExceptionResolver : Using @ExceptionHandler com.prueba.bankingbackendquind.infrastructure.adapter.in.web.exception.GlobalExceptionHandler#handleValidationExceptions(MethodArgumentNotValidException)
2026-01-11T22:53:22.659-05:00 DEBUG 17276 --- [banking-Backend-Quind] [           main] o.s.w.s.m.m.a.HttpEntityMethodProcessor  : Using 'application/json', given [*/*] and supported [application/json, application/*+json, application/yaml]
2026-01-11T22:53:22.662-05:00 DEBUG 17276 --- [banking-Backend-Quind] [           main] o.s.w.s.m.m.a.HttpEntityMethodProcessor  : Writing [com.prueba.bankingbackendquind.infrastructure.adapter.in.web.exception.GlobalExceptionHandler$Valida (truncated)...]
2026-01-11T22:53:22.664-05:00 DEBUG 17276 --- [banking-Backend-Quind] [           main] .m.m.a.ExceptionHandlerExceptionResolver : Resolved [org.springframework.web.bind.MethodArgumentNotValidException: Validation failed for argument [0] in public org.springframework.http.ResponseEntity<com.prueba.bankingbackendquind.infrastructure.adapter.in.web.dto.ClienteResponseDto> com.prueba.bankingbackendquind.infrastructure.adapter.in.web.controller.ClienteController.crearCliente(com.prueba.bankingbackendquind.infrastructure.adapter.in.web.dto.ClienteRequestDto): [Field error in object 'clienteRequestDto' on field 'correoElectronico': rejected value [email-invalido]; codes [Email.clienteRequestDto.correoElectronico,Email.correoElectronico,Email.java.lang.String,Email]; arguments [org.springframework.context.support.DefaultMessageSourceResolvable: codes [clienteRequestDto.correoElectronico,correoElectronico]; arguments []; default message [correoElectronico],[Ljakarta.validation.constraints.Pattern$Flag;@7aab77f,.*]; default message [El formato del correo electrónico no es válido]] ]
]]></system-out>
  </testcase>
</testsuite>